<?xml version="1.0" encoding="UTF-8"?>
<testng-results ignored="0" total="8" passed="5" failed="2" skipped="1">
  <reporter-output>
  </reporter-output>
  <suite started-at="2025-03-27T21:43:03 IST" name="Default suite" finished-at="2025-03-27T21:43:03 IST" duration-ms="156">
    <groups>
      <group name="Smoke">
        <method signature="Day3.mobilebikeLoanLogin()[pri:0, instance:testNGFrameWork.Day3@73eb439a]" name="mobilebikeLoanLogin" class="testNGFrameWork.Day3"/>
      </group> <!-- Smoke -->
    </groups>
    <test started-at="2025-03-27T21:43:03 IST" name="Default test" finished-at="2025-03-27T21:43:03 IST" duration-ms="156">
      <class name="testNGFrameWork.Day3">
        <test-method is-config="true" signature="Bfsuite()[pri:0, instance:testNGFrameWork.Day3@73eb439a]" started-at="2025-03-27T21:43:03 IST" name="Bfsuite" finished-at="2025-03-27T21:43:03 IST" duration-ms="11" status="PASS">
          <reporter-output>
          </reporter-output>
        </test-method> <!-- Bfsuite -->
        <test-method is-config="true" signature="beforeTest()[pri:0, instance:testNGFrameWork.Day3@73eb439a]" started-at="2025-03-27T21:43:03 IST" name="beforeTest" finished-at="2025-03-27T21:43:03 IST" duration-ms="1" status="PASS">
          <reporter-output>
          </reporter-output>
        </test-method> <!-- beforeTest -->
        <test-method is-config="true" signature="BFRmthd()[pri:0, instance:testNGFrameWork.Day3@73eb439a]" started-at="2025-03-27T21:43:03 IST" name="BFRmthd" finished-at="2025-03-27T21:43:03 IST" duration-ms="0" status="PASS">
          <reporter-output>
          </reporter-output>
        </test-method> <!-- BFRmthd -->
        <test-method signature="mobileJEEPLoanLogin(java.lang.String,java.lang.String)[pri:0, instance:testNGFrameWork.Day3@73eb439a]" started-at="2025-03-27T21:43:03 IST" name="mobileJEEPLoanLogin" data-provider="dataprovide" finished-at="2025-03-27T21:43:03 IST" duration-ms="7" status="PASS">
          <params>
            <param index="0">
              <value>
                <![CDATA[1stusername]]>
              </value>
            </param>
            <param index="1">
              <value>
                <![CDATA[1stpassword]]>
              </value>
            </param>
          </params>
          <reporter-output>
          </reporter-output>
        </test-method> <!-- mobileJEEPLoanLogin -->
        <test-method signature="mobileJEEPLoanLogin(java.lang.String,java.lang.String)[pri:0, instance:testNGFrameWork.Day3@73eb439a]" started-at="2025-03-27T21:43:03 IST" name="mobileJEEPLoanLogin" data-provider="dataprovide" finished-at="2025-03-27T21:43:03 IST" duration-ms="7" status="PASS">
          <params>
            <param index="0">
              <value>
                <![CDATA[2ndusername]]>
              </value>
            </param>
            <param index="1">
              <value>
                <![CDATA[2ndpassword]]>
              </value>
            </param>
          </params>
          <reporter-output>
          </reporter-output>
        </test-method> <!-- mobileJEEPLoanLogin -->
        <test-method is-config="true" signature="BFRmthd()[pri:0, instance:testNGFrameWork.Day3@73eb439a]" started-at="2025-03-27T21:43:03 IST" name="BFRmthd" finished-at="2025-03-27T21:43:03 IST" duration-ms="0" status="PASS">
          <reporter-output>
          </reporter-output>
        </test-method> <!-- BFRmthd -->
        <test-method is-config="true" signature="BFRmthd()[pri:0, instance:testNGFrameWork.Day3@73eb439a]" started-at="2025-03-27T21:43:03 IST" name="BFRmthd" finished-at="2025-03-27T21:43:03 IST" duration-ms="0" status="PASS">
          <reporter-output>
          </reporter-output>
        </test-method> <!-- BFRmthd -->
        <test-method signature="mobileJEEPLoanLogin(java.lang.String,java.lang.String)[pri:0, instance:testNGFrameWork.Day3@73eb439a]" started-at="2025-03-27T21:43:03 IST" name="mobileJEEPLoanLogin" data-provider="dataprovide" finished-at="2025-03-27T21:43:03 IST" duration-ms="2" status="PASS">
          <params>
            <param index="0">
              <value>
                <![CDATA[3rdusername]]>
              </value>
            </param>
            <param index="1">
              <value>
                <![CDATA[3rdpassword]]>
              </value>
            </param>
          </params>
          <reporter-output>
          </reporter-output>
        </test-method> <!-- mobileJEEPLoanLogin -->
        <test-method signature="mobileSUVLoanLogin(java.lang.String)[pri:0, instance:testNGFrameWork.Day3@73eb439a]" started-at="2025-03-27T21:43:03 IST" name="mobileSUVLoanLogin" finished-at="2025-03-27T21:43:03 IST" duration-ms="0" status="FAIL">
          <exception class="org.testng.TestNGException">
            <message>
              <![CDATA[
Parameter 'URL' is required by @Test on method mobileSUVLoanLogin but has not been marked @Optional or defined
in C:\Users\shams\AppData\Local\Temp\testng-eclipse--831932733\testng-customsuite.xml]]>
            </message>
            <full-stacktrace>
              <![CDATA[org.testng.TestNGException: 
Parameter 'URL' is required by @Test on method mobileSUVLoanLogin but has not been marked @Optional or defined
in C:\Users\shams\AppData\Local\Temp\testng-eclipse--831932733\testng-customsuite.xml
at org.testng.internal.Parameters.createParams(Parameters.java:264)
at org.testng.internal.Parameters.createParametersForMethod(Parameters.java:352)
at org.testng.internal.Parameters.createParameters(Parameters.java:690)
at org.testng.internal.Parameters.handleParameters(Parameters.java:885)
at org.testng.internal.Parameters.handleParameters(Parameters.java:734)
at org.testng.internal.invokers.ParameterHandler.handleParameters(ParameterHandler.java:72)
at org.testng.internal.invokers.ParameterHandler.createParameters(ParameterHandler.java:51)
at org.testng.internal.invokers.TestInvoker$MethodInvocationAgent.invoke(TestInvoker.java:946)
at org.testng.internal.invokers.TestInvoker.invokeTestMethods(TestInvoker.java:203)
at org.testng.internal.invokers.TestMethodWorker.invokeTestMethods(TestMethodWorker.java:154)
at org.testng.internal.invokers.TestMethodWorker.run(TestMethodWorker.java:134)
at java.base/java.util.ArrayList.forEach(ArrayList.java:1511)
at org.testng.TestRunner.privateRun(TestRunner.java:739)
at org.testng.TestRunner.run(TestRunner.java:614)
at org.testng.SuiteRunner.runTest(SuiteRunner.java:421)
at org.testng.SuiteRunner.runSequentially(SuiteRunner.java:413)
at org.testng.SuiteRunner.privateRun(SuiteRunner.java:373)
at org.testng.SuiteRunner.run(SuiteRunner.java:312)
at org.testng.SuiteRunnerWorker.runSuite(SuiteRunnerWorker.java:52)
at org.testng.SuiteRunnerWorker.run(SuiteRunnerWorker.java:95)
at org.testng.TestNG.runSuitesSequentially(TestNG.java:1274)
at org.testng.TestNG.runSuitesLocally(TestNG.java:1208)
at org.testng.TestNG.runSuites(TestNG.java:1112)
at org.testng.TestNG.run(TestNG.java:1079)
at org.testng.remote.AbstractRemoteTestNG.run(AbstractRemoteTestNG.java:115)
at org.testng.remote.RemoteTestNG.initAndRun(RemoteTestNG.java:293)
at org.testng.remote.RemoteTestNG.main(RemoteTestNG.java:91)
]]>
            </full-stacktrace>
          </exception> <!-- org.testng.TestNGException -->
          <reporter-output>
          </reporter-output>
        </test-method> <!-- mobileSUVLoanLogin -->
        <test-method signature="carLoanWebLogin()[pri:0, instance:testNGFrameWork.Day3@73eb439a]" started-at="2025-03-27T21:43:03 IST" name="carLoanWebLogin" finished-at="2025-03-27T21:43:03 IST" duration-ms="2" status="PASS">
          <reporter-output>
          </reporter-output>
        </test-method> <!-- carLoanWebLogin -->
        <test-method is-config="true" signature="BFRmthd()[pri:0, instance:testNGFrameWork.Day3@73eb439a]" started-at="2025-03-27T21:43:03 IST" name="BFRmthd" finished-at="2025-03-27T21:43:03 IST" duration-ms="0" status="PASS">
          <reporter-output>
          </reporter-output>
        </test-method> <!-- BFRmthd -->
        <test-method is-config="true" signature="BFRmthd()[pri:0, instance:testNGFrameWork.Day3@73eb439a]" started-at="2025-03-27T21:43:03 IST" name="BFRmthd" finished-at="2025-03-27T21:43:03 IST" duration-ms="0" status="PASS">
          <reporter-output>
          </reporter-output>
        </test-method> <!-- BFRmthd -->
        <test-method signature="mobilebikeLoanLogin()[pri:0, instance:testNGFrameWork.Day3@73eb439a]" started-at="2025-03-27T21:43:03 IST" name="mobilebikeLoanLogin" finished-at="2025-03-27T21:43:03 IST" duration-ms="11" status="PASS">
          <reporter-output>
          </reporter-output>
        </test-method> <!-- mobilebikeLoanLogin -->
        <test-method signature="mobilecarLoanLogin(java.lang.String)[pri:0, instance:testNGFrameWork.Day3@73eb439a]" started-at="2025-03-27T21:43:03 IST" name="mobilecarLoanLogin" finished-at="2025-03-27T21:43:03 IST" duration-ms="0" status="FAIL">
          <exception class="org.testng.TestNGException">
            <message>
              <![CDATA[
Parameter 'URL' is required by @Test on method mobilecarLoanLogin but has not been marked @Optional or defined
in C:\Users\shams\AppData\Local\Temp\testng-eclipse--831932733\testng-customsuite.xml]]>
            </message>
            <full-stacktrace>
              <![CDATA[org.testng.TestNGException: 
Parameter 'URL' is required by @Test on method mobilecarLoanLogin but has not been marked @Optional or defined
in C:\Users\shams\AppData\Local\Temp\testng-eclipse--831932733\testng-customsuite.xml
at org.testng.internal.Parameters.createParams(Parameters.java:264)
at org.testng.internal.Parameters.createParametersForMethod(Parameters.java:352)
at org.testng.internal.Parameters.createParameters(Parameters.java:690)
at org.testng.internal.Parameters.handleParameters(Parameters.java:885)
at org.testng.internal.Parameters.handleParameters(Parameters.java:734)
at org.testng.internal.invokers.ParameterHandler.handleParameters(ParameterHandler.java:72)
at org.testng.internal.invokers.ParameterHandler.createParameters(ParameterHandler.java:51)
at org.testng.internal.invokers.TestInvoker$MethodInvocationAgent.invoke(TestInvoker.java:946)
at org.testng.internal.invokers.TestInvoker.invokeTestMethods(TestInvoker.java:203)
at org.testng.internal.invokers.TestMethodWorker.invokeTestMethods(TestMethodWorker.java:154)
at org.testng.internal.invokers.TestMethodWorker.run(TestMethodWorker.java:134)
at java.base/java.util.ArrayList.forEach(ArrayList.java:1511)
at org.testng.TestRunner.privateRun(TestRunner.java:739)
at org.testng.TestRunner.run(TestRunner.java:614)
at org.testng.SuiteRunner.runTest(SuiteRunner.java:421)
at org.testng.SuiteRunner.runSequentially(SuiteRunner.java:413)
at org.testng.SuiteRunner.privateRun(SuiteRunner.java:373)
at org.testng.SuiteRunner.run(SuiteRunner.java:312)
at org.testng.SuiteRunnerWorker.runSuite(SuiteRunnerWorker.java:52)
at org.testng.SuiteRunnerWorker.run(SuiteRunnerWorker.java:95)
at org.testng.TestNG.runSuitesSequentially(TestNG.java:1274)
at org.testng.TestNG.runSuitesLocally(TestNG.java:1208)
at org.testng.TestNG.runSuites(TestNG.java:1112)
at org.testng.TestNG.run(TestNG.java:1079)
at org.testng.remote.AbstractRemoteTestNG.run(AbstractRemoteTestNG.java:115)
at org.testng.remote.RemoteTestNG.initAndRun(RemoteTestNG.java:293)
at org.testng.remote.RemoteTestNG.main(RemoteTestNG.java:91)
]]>
            </full-stacktrace>
          </exception> <!-- org.testng.TestNGException -->
          <reporter-output>
          </reporter-output>
        </test-method> <!-- mobilecarLoanLogin -->
        <test-method signature="APIcarloan()[pri:0, instance:testNGFrameWork.Day3@73eb439a]" started-at="2025-03-27T21:43:03 IST" name="APIcarloan" finished-at="2025-03-27T21:43:03 IST" depends-on-methods="testNGFrameWork.Day3.mobileSUVLoanLogin" duration-ms="0" status="SKIP">
          <exception class="java.lang.Throwable">
            <message>
              <![CDATA[Method testNGFrameWork.Day3.APIcarloan() on instance testNGFrameWork.Day3@73eb439a depends on not successfully finished methods 
[testNGFrameWork.Day3.mobileSUVLoanLogin() on instance testNGFrameWork.Day3@73eb439a]]]>
            </message>
            <full-stacktrace>
              <![CDATA[java.lang.Throwable: Method testNGFrameWork.Day3.APIcarloan() on instance testNGFrameWork.Day3@73eb439a depends on not successfully finished methods 
[testNGFrameWork.Day3.mobileSUVLoanLogin() on instance testNGFrameWork.Day3@73eb439a]
at org.testng.internal.invokers.TestInvoker.invokeTestMethods(TestInvoker.java:159)
at org.testng.internal.invokers.TestMethodWorker.invokeTestMethods(TestMethodWorker.java:154)
at org.testng.internal.invokers.TestMethodWorker.run(TestMethodWorker.java:134)
at java.base/java.util.ArrayList.forEach(ArrayList.java:1511)
at org.testng.TestRunner.privateRun(TestRunner.java:739)
at org.testng.TestRunner.run(TestRunner.java:614)
at org.testng.SuiteRunner.runTest(SuiteRunner.java:421)
at org.testng.SuiteRunner.runSequentially(SuiteRunner.java:413)
at org.testng.SuiteRunner.privateRun(SuiteRunner.java:373)
at org.testng.SuiteRunner.run(SuiteRunner.java:312)
at org.testng.SuiteRunnerWorker.runSuite(SuiteRunnerWorker.java:52)
at org.testng.SuiteRunnerWorker.run(SuiteRunnerWorker.java:95)
at org.testng.TestNG.runSuitesSequentially(TestNG.java:1274)
at org.testng.TestNG.runSuitesLocally(TestNG.java:1208)
at org.testng.TestNG.runSuites(TestNG.java:1112)
at org.testng.TestNG.run(TestNG.java:1079)
at org.testng.remote.AbstractRemoteTestNG.run(AbstractRemoteTestNG.java:115)
at org.testng.remote.RemoteTestNG.initAndRun(RemoteTestNG.java:293)
at org.testng.remote.RemoteTestNG.main(RemoteTestNG.java:91)
]]>
            </full-stacktrace>
          </exception> <!-- java.lang.Throwable -->
          <reporter-output>
          </reporter-output>
        </test-method> <!-- APIcarloan -->
      </class> <!-- testNGFrameWork.Day3 -->
    </test> <!-- Default test -->
  </suite> <!-- Default suite -->
</testng-results>
